<?xml version="1.0"?><coverage lines-covered="272" lines-valid="2336" line-rate="0.11643835616438356" branches-covered="0" branches-valid="0" branch-rate="0" complexity="0" version="1.9" timestamp="1674427742"><sources><source>/volume</source></sources><packages><package name="minimap2-sys/src" line-rate="0" branch-rate="0" complexity="0"><classes><class name="bindings" filename="minimap2-sys/src/bindings.rs" line-rate="0" branch-rate="0" complexity="0"><methods/><lines><line number="10" hits="0"/><line number="19" hits="0"/><line number="20" hits="0"/><line number="21" hits="0"/><line number="22" hits="0"/><line number="24" hits="0"/><line number="26" hits="0"/><line number="28" hits="0"/><line number="29" hits="0"/><line number="32" hits="0"/><line number="33" hits="0"/><line number="34" hits="0"/><line number="35" hits="0"/><line number="37" hits="0"/><line number="39" hits="0"/><line number="41" hits="0"/><line number="42" hits="0"/><line number="43" hits="0"/><line number="45" hits="0"/><line number="49" hits="0"/><line number="50" hits="0"/><line number="51" hits="0"/><line number="52" hits="0"/><line number="53" hits="0"/><line number="54" hits="0"/><line number="55" hits="0"/><line number="57" hits="0"/><line number="59" hits="0"/><line number="61" hits="0"/><line number="64" hits="0"/><line number="67" hits="0"/><line number="68" hits="0"/><line number="69" hits="0"/><line number="70" hits="0"/><line number="71" hits="0"/><line number="72" hits="0"/><line number="73" hits="0"/><line number="75" hits="0"/><line number="77" hits="0"/><line number="79" hits="0"/><line number="88" hits="0"/><line number="89" hits="0"/><line number="92" hits="0"/><line number="93" hits="0"/><line number="96" hits="0"/><line number="97" hits="0"/><line number="100" hits="0"/><line number="101" hits="0"/><line number="104" hits="0"/><line number="105" hits="0"/><line number="109" hits="0"/><line number="110" hits="0"/><line number="4970" hits="0"/><line number="4971" hits="0"/><line number="4974" hits="0"/><line number="4976" hits="0"/><line number="4977" hits="0"/><line number="4981" hits="0"/><line number="4982" hits="0"/><line number="4985" hits="0"/><line number="4987" hits="0"/><line number="4988" hits="0"/><line number="4992" hits="0"/><line number="4993" hits="0"/><line number="4994" hits="0"/><line number="4995" hits="0"/><line number="4996" hits="0"/><line number="4998" hits="0"/><line number="4999" hits="0"/><line number="5000" hits="0"/><line number="5002" hits="0"/><line number="5226" hits="0"/><line number="5227" hits="0"/><line number="5230" hits="0"/><line number="5232" hits="0"/><line number="5233" hits="0"/><line number="5237" hits="0"/><line number="5238" hits="0"/><line number="5241" hits="0"/><line number="5243" hits="0"/><line number="5244" hits="0"/><line number="5248" hits="0"/><line number="5249" hits="0"/><line number="5252" hits="0"/><line number="5254" hits="0"/><line number="5255" hits="0"/><line number="5259" hits="0"/><line number="5260" hits="0"/><line number="5263" hits="0"/><line number="5265" hits="0"/><line number="5266" hits="0"/><line number="5270" hits="0"/><line number="5271" hits="0"/><line number="5274" hits="0"/><line number="5276" hits="0"/><line number="5277" hits="0"/><line number="5281" hits="0"/><line number="5282" hits="0"/><line number="5285" hits="0"/><line number="5287" hits="0"/><line number="5288" hits="0"/><line number="5292" hits="0"/><line number="5293" hits="0"/><line number="5296" hits="0"/><line number="5298" hits="0"/><line number="5299" hits="0"/><line number="5303" hits="0"/><line number="5304" hits="0"/><line number="5307" hits="0"/><line number="5309" hits="0"/><line number="5310" hits="0"/><line number="5314" hits="0"/><line number="5315" hits="0"/><line number="5318" hits="0"/><line number="5320" hits="0"/><line number="5321" hits="0"/><line number="5325" hits="0"/><line number="5326" hits="0"/><line number="5329" hits="0"/><line number="5331" hits="0"/><line number="5332" hits="0"/><line number="5336" hits="0"/><line number="5337" hits="0"/><line number="5340" hits="0"/><line number="5342" hits="0"/><line number="5343" hits="0"/><line number="5347" hits="0"/><line number="5348" hits="0"/><line number="5351" hits="0"/><line number="5353" hits="0"/><line number="5354" hits="0"/><line number="5358" hits="0"/><line number="5359" hits="0"/><line number="5362" hits="0"/><line number="5364" hits="0"/><line number="5365" hits="0"/><line number="5384" hits="0"/><line number="5385" hits="0"/><line number="5386" hits="0"/><line number="5387" hits="0"/><line number="5389" hits="0"/><line number="5390" hits="0"/><line number="5391" hits="0"/><line number="5393" hits="0"/><line number="5394" hits="0"/><line number="5395" hits="0"/><line number="5397" hits="0"/><line number="5398" hits="0"/><line number="5399" hits="0"/><line number="5401" hits="0"/><line number="5402" hits="0"/><line number="5403" hits="0"/><line number="5405" hits="0"/><line number="5406" hits="0"/><line number="5407" hits="0"/><line number="5409" hits="0"/><line number="5410" hits="0"/><line number="5411" hits="0"/><line number="5413" hits="0"/><line number="5414" hits="0"/><line number="5415" hits="0"/><line number="5417" hits="0"/><line number="5418" hits="0"/><line number="5419" hits="0"/><line number="5421" hits="0"/><line number="5422" hits="0"/><line number="5423" hits="0"/><line number="5425" hits="0"/><line number="5426" hits="0"/><line number="5427" hits="0"/><line number="5429" hits="0"/><line number="5430" hits="0"/><line number="5431" hits="0"/><line number="5433" hits="0"/><line number="5434" hits="0"/><line number="5435" hits="0"/><line number="5437" hits="0"/><line number="8270" hits="0"/><line number="8271" hits="0"/><line number="8274" hits="0"/><line number="8276" hits="0"/><line number="8277" hits="0"/><line number="8281" hits="0"/><line number="8282" hits="0"/><line number="8285" hits="0"/><line number="8287" hits="0"/><line number="8288" hits="0"/><line number="8292" hits="0"/><line number="8293" hits="0"/><line number="8294" hits="0"/><line number="8295" hits="0"/><line number="8296" hits="0"/><line number="8298" hits="0"/><line number="8299" hits="0"/><line number="8300" hits="0"/><line number="8302" hits="0"/><line number="8567" hits="0"/><line number="8568" hits="0"/><line number="8571" hits="0"/><line number="8573" hits="0"/><line number="8574" hits="0"/><line number="8578" hits="0"/><line number="8579" hits="0"/><line number="8582" hits="0"/><line number="8584" hits="0"/><line number="8585" hits="0"/><line number="8589" hits="0"/><line number="8590" hits="0"/><line number="8593" hits="0"/><line number="8595" hits="0"/><line number="8596" hits="0"/><line number="8600" hits="0"/><line number="8601" hits="0"/><line number="8604" hits="0"/><line number="8606" hits="0"/><line number="8607" hits="0"/><line number="8617" hits="0"/><line number="8618" hits="0"/><line number="8619" hits="0"/><line number="8620" hits="0"/><line number="8622" hits="0"/><line number="8623" hits="0"/><line number="8624" hits="0"/><line number="8626" hits="0"/><line number="8627" hits="0"/><line number="8628" hits="0"/><line number="8630" hits="0"/><line number="8631" hits="0"/><line number="8632" hits="0"/><line number="8634" hits="0"/></lines></class></classes></package><package name="fakeminimap2/src" line-rate="0" branch-rate="0" complexity="0"><classes></classes></package><package name="minimappers2/target/x86_64-unknown-linux-gnu/release/build/num-bigint-1ed72e2df3baef60/out" line-rate="0" branch-rate="0" complexity="0"><classes></classes></package><package name="minimappers2/target/release/build/target-lexicon-8469198607827803/out" line-rate="0" branch-rate="0" complexity="0"><classes></classes></package><package name="minimap2-sys/mm2-fast/ext/TAL/LISA/ext/build-rmi/RMI/rmi_lib/src/train" line-rate="0" branch-rate="0" complexity="0"><classes><class name="lower_bound_correction" filename="minimap2-sys/mm2-fast/ext/TAL/LISA/ext/build-rmi/RMI/rmi_lib/src/train/lower_bound_correction.rs" line-rate="0" branch-rate="0" complexity="0"><methods/><lines><line number="4" hits="0"/><line number="5" hits="0"/><line number="6" hits="0"/><line number="8" hits="0"/><line number="9" hits="0"/><line number="10" hits="0"/><line number="11" hits="0"/><line number="12" hits="0"/><line number="16" hits="0"/><line number="17" hits="0"/><line number="18" hits="0"/><line number="20" hits="0"/><line number="21" hits="0"/><line number="22" hits="0"/><line number="23" hits="0"/><line number="24" hits="0"/><line number="35" hits="0"/><line number="36" hits="0"/><line number="37" hits="0"/><line number="38" hits="0"/><line number="39" hits="0"/><line number="40" hits="0"/><line number="41" hits="0"/><line number="42" hits="0"/><line number="44" hits="0"/><line number="46" hits="0"/><line number="47" hits="0"/><line number="48" hits="0"/><line number="50" hits="0"/><line number="55" hits="0"/><line number="62" hits="0"/><line number="63" hits="0"/><line number="64" hits="0"/><line number="65" hits="0"/><line number="66" hits="0"/><line number="67" hits="0"/><line number="68" hits="0"/><line number="69" hits="0"/><line number="70" hits="0"/><line number="72" hits="0"/><line number="74" hits="0"/><line number="78" hits="0"/><line number="95" hits="0"/><line number="96" hits="0"/><line number="97" hits="0"/><line number="98" hits="0"/><line number="99" hits="0"/><line number="101" hits="0"/><line number="102" hits="0"/><line number="103" hits="0"/><line number="104" hits="0"/><line number="105" hits="0"/><line number="106" hits="0"/><line number="108" hits="0"/><line number="109" hits="0"/><line number="110" hits="0"/><line number="111" hits="0"/><line number="112" hits="0"/><line number="113" hits="0"/><line number="116" hits="0"/><line number="117" hits="0"/><line number="118" hits="0"/><line number="121" hits="0"/><line number="122" hits="0"/><line number="124" hits="0"/><line number="127" hits="0"/><line number="128" hits="0"/><line number="130" hits="0"/><line number="131" hits="0"/><line number="132" hits="0"/><line number="133" hits="0"/><line number="134" hits="0"/><line number="135" hits="0"/><line number="139" hits="0"/><line number="140" hits="0"/><line number="143" hits="0"/><line number="144" hits="0"/><line number="147" hits="0"/><line number="148" hits="0"/><line number="151" hits="0"/><line number="152" hits="0"/><line number="155" hits="0"/><line number="156" hits="0"/><line number="159" hits="0"/><line number="160" hits="0"/></lines></class><class name="mod" filename="minimap2-sys/mm2-fast/ext/TAL/LISA/ext/build-rmi/RMI/rmi_lib/src/train/mod.rs" line-rate="0" branch-rate="0" complexity="0"><methods/><lines><line number="37" hits="0"/><line number="38" hits="0"/><line number="39" hits="0"/><line number="40" hits="0"/><line number="41" hits="0"/><line number="42" hits="0"/><line number="43" hits="0"/><line number="44" hits="0"/><line number="45" hits="0"/><line number="46" hits="0"/><line number="47" hits="0"/><line number="48" hits="0"/><line number="49" hits="0"/><line number="50" hits="0"/><line number="51" hits="0"/><line number="52" hits="0"/><line number="53" hits="0"/><line number="56" hits="0"/><line number="103" hits="0"/><line number="104" hits="0"/><line number="105" hits="0"/><line number="106" hits="0"/><line number="107" hits="0"/><line number="108" hits="0"/><line number="111" hits="0"/><line number="112" hits="0"/><line number="113" hits="0"/><line number="114" hits="0"/><line number="115" hits="0"/><line number="116" hits="0"/><line number="117" hits="0"/><line number="118" hits="0"/><line number="120" hits="0"/><line number="131" hits="0"/><line number="132" hits="0"/><line number="135" hits="0"/><line number="136" hits="0"/><line number="138" hits="0"/><line number="139" hits="0"/><line number="141" hits="0"/><line number="142" hits="0"/><line number="144" hits="0"/><line number="145" hits="0"/><line number="146" hits="0"/><line number="148" hits="0"/><line number="149" hits="0"/><line number="150" hits="0"/><line number="151" hits="0"/><line number="152" hits="0"/><line number="153" hits="0"/></lines></class><class name="two_layer" filename="minimap2-sys/mm2-fast/ext/TAL/LISA/ext/build-rmi/RMI/rmi_lib/src/train/two_layer.rs" line-rate="0" branch-rate="0" complexity="0"><methods/><lines><line number="27" hits="0"/><line number="29" hits="0"/><line number="30" hits="0"/><line number="31" hits="0"/><line number="33" hits="0"/><line number="34" hits="0"/><line number="35" hits="0"/><line number="36" hits="0"/><line number="37" hits="0"/><line number="39" hits="0"/><line number="40" hits="0"/><line number="41" hits="0"/><line number="43" hits="0"/><line number="44" hits="0"/><line number="45" hits="0"/><line number="48" hits="0"/><line number="49" hits="0"/><line number="50" hits="0"/><line number="52" hits="0"/><line number="58" hits="0"/><line number="59" hits="0"/><line number="61" hits="0"/><line number="62" hits="0"/><line number="63" hits="0"/><line number="67" hits="0"/><line number="68" hits="0"/><line number="70" hits="0"/><line number="72" hits="0"/><line number="76" hits="0"/><line number="77" hits="0"/><line number="82" hits="0"/><line number="83" hits="0"/><line number="87" hits="0"/><line number="88" hits="0"/><line number="89" hits="0"/><line number="90" hits="0"/><line number="91" hits="0"/><line number="94" hits="0"/><line number="95" hits="0"/><line number="97" hits="0"/><line number="98" hits="0"/><line number="104" hits="0"/><line number="106" hits="0"/><line number="108" hits="0"/><line number="109" hits="0"/><line number="110" hits="0"/><line number="115" hits="0"/><line number="116" hits="0"/><line number="117" hits="0"/><line number="118" hits="0"/><line number="120" hits="0"/><line number="121" hits="0"/><line number="123" hits="0"/><line number="126" hits="0"/><line number="127" hits="0"/><line number="128" hits="0"/><line number="131" hits="0"/><line number="132" hits="0"/><line number="133" hits="0"/><line number="134" hits="0"/><line number="135" hits="0"/><line number="139" hits="0"/><line number="140" hits="0"/><line number="141" hits="0"/><line number="142" hits="0"/><line number="143" hits="0"/><line number="144" hits="0"/><line number="147" hits="0"/><line number="148" hits="0"/><line number="149" hits="0"/><line number="150" hits="0"/><line number="152" hits="0"/><line number="153" hits="0"/><line number="154" hits="0"/><line number="155" hits="0"/><line number="156" hits="0"/><line number="158" hits="0"/><line number="159" hits="0"/><line number="161" hits="0"/><line number="162" hits="0"/><line number="163" hits="0"/><line number="164" hits="0"/><line number="165" hits="0"/><line number="166" hits="0"/><line number="167" hits="0"/><line number="168" hits="0"/><line number="169" hits="0"/><line number="171" hits="0"/><line number="172" hits="0"/><line number="173" hits="0"/><line number="174" hits="0"/><line number="177" hits="0"/><line number="179" hits="0"/><line number="182" hits="0"/><line number="185" hits="0"/><line number="186" hits="0"/><line number="187" hits="0"/><line number="188" hits="0"/><line number="190" hits="0"/><line number="192" hits="0"/><line number="193" hits="0"/><line number="194" hits="0"/><line number="199" hits="0"/><line number="200" hits="0"/><line number="205" hits="0"/><line number="207" hits="0"/><line number="208" hits="0"/><line number="209" hits="0"/><line number="210" hits="0"/><line number="212" hits="0"/><line number="213" hits="0"/><line number="215" hits="0"/><line number="216" hits="0"/><line number="226" hits="0"/><line number="227" hits="0"/><line number="228" hits="0"/><line number="229" hits="0"/><line number="230" hits="0"/><line number="231" hits="0"/><line number="232" hits="0"/><line number="234" hits="0"/><line number="237" hits="0"/><line number="238" hits="0"/><line number="240" hits="0"/><line number="241" hits="0"/><line number="243" hits="0"/><line number="244" hits="0"/><line number="246" hits="0"/><line number="250" hits="0"/><line number="251" hits="0"/><line number="253" hits="0"/><line number="254" hits="0"/><line number="256" hits="0"/><line number="257" hits="0"/><line number="261" hits="0"/><line number="262" hits="0"/><line number="263" hits="0"/><line number="266" hits="0"/><line number="267" hits="0"/><line number="269" hits="0"/><line number="271" hits="0"/><line number="272" hits="0"/><line number="274" hits="0"/><line number="275" hits="0"/><line number="277" hits="0"/><line number="279" hits="0"/><line number="281" hits="0"/><line number="282" hits="0"/><line number="284" hits="0"/><line number="286" hits="0"/><line number="287" hits="0"/><line number="289" hits="0"/><line number="290" hits="0"/><line number="291" hits="0"/><line number="292" hits="0"/><line number="293" hits="0"/><line number="294" hits="0"/><line number="295" hits="0"/><line number="296" hits="0"/><line number="297" hits="0"/><line number="298" hits="0"/><line number="299" hits="0"/><line number="300" hits="0"/><line number="301" hits="0"/><line number="302" hits="0"/><line number="303" hits="0"/></lines></class></classes></package><package name="minimappers2/target/debug/build/target-lexicon-4de7f5afa10ddd48/out" line-rate="0" branch-rate="0" complexity="0"><classes></classes></package><package name="minimap2-sys/mm2-fast/ext/TAL/LISA/ext/build-rmi/RMI/rmi_lib/src/models" line-rate="0" branch-rate="0" complexity="0"><classes><class name="balanced_radix" filename="minimap2-sys/mm2-fast/ext/TAL/LISA/ext/build-rmi/RMI/rmi_lib/src/models/balanced_radix.rs" line-rate="0" branch-rate="0" complexity="0"><methods/><lines><line number="25" hits="0"/><line number="27" hits="0"/><line number="28" hits="0"/><line number="31" hits="0"/><line number="33" hits="0"/><line number="34" hits="0"/><line number="35" hits="0"/><line number="36" hits="0"/><line number="39" hits="0"/><line number="40" hits="0"/><line number="41" hits="0"/><line number="42" hits="0"/><line number="44" hits="0"/><line number="45" hits="0"/><line number="46" hits="0"/><line number="47" hits="0"/><line number="50" hits="0"/><line number="53" hits="0"/><line number="55" hits="0"/><line number="57" hits="0"/><line number="58" hits="0"/><line number="60" hits="0"/><line number="61" hits="0"/><line number="62" hits="0"/><line number="66" hits="0"/><line number="69" hits="0"/><line number="71" hits="0"/><line number="72" hits="0"/><line number="73" hits="0"/><line number="74" hits="0"/><line number="78" hits="0"/><line number="80" hits="0"/><line number="81" hits="0"/><line number="84" hits="0"/><line number="88" hits="0"/><line number="89" hits="0"/><line number="90" hits="0"/><line number="91" hits="0"/><line number="92" hits="0"/><line number="96" hits="0"/><line number="98" hits="0"/></lines></class><class name="cubic_spline" filename="minimap2-sys/mm2-fast/ext/TAL/LISA/ext/build-rmi/RMI/rmi_lib/src/models/cubic_spline.rs" line-rate="0" branch-rate="0" complexity="0"><methods/><lines><line number="18" hits="0"/><line number="19" hits="0"/><line number="20" hits="0"/><line number="23" hits="0"/><line number="24" hits="0"/><line number="29" hits="0"/><line number="30" hits="0"/><line number="32" hits="0"/><line number="34" hits="0"/><line number="38" hits="0"/><line number="39" hits="0"/><line number="40" hits="0"/><line number="41" hits="0"/><line number="43" hits="0"/><line number="44" hits="0"/><line number="46" hits="0"/><line number="47" hits="0"/><line number="49" hits="0"/><line number="52" hits="0"/><line number="53" hits="0"/><line number="56" hits="0"/><line number="57" hits="0"/><line number="59" hits="0"/><line number="60" hits="0"/><line number="63" hits="0"/><line number="64" hits="0"/><line number="68" hits="0"/><line number="69" hits="0"/><line number="70" hits="0"/><line number="71" hits="0"/><line number="76" hits="0"/><line number="80" hits="0"/><line number="81" hits="0"/><line number="86" hits="0"/><line number="87" hits="0"/><line number="88" hits="0"/><line number="92" hits="0"/><line number="93" hits="0"/><line number="95" hits="0"/><line number="96" hits="0"/><line number="97" hits="0"/><line number="98" hits="0"/><line number="99" hits="0"/><line number="100" hits="0"/><line number="108" hits="0"/><line number="110" hits="0"/><line number="115" hits="0"/><line number="117" hits="0"/><line number="118" hits="0"/><line number="120" hits="0"/><line number="121" hits="0"/><line number="122" hits="0"/><line number="124" hits="0"/><line number="125" hits="0"/><line number="128" hits="0"/><line number="129" hits="0"/><line number="130" hits="0"/><line number="131" hits="0"/><line number="135" hits="0"/></lines></class><class name="histogram" filename="minimap2-sys/mm2-fast/ext/TAL/LISA/ext/build-rmi/RMI/rmi_lib/src/models/histogram.rs" line-rate="0" branch-rate="0" complexity="0"><methods/><lines><line number="20" hits="0"/><line number="21" hits="0"/><line number="23" hits="0"/><line number="24" hits="0"/><line number="25" hits="0"/><line number="27" hits="0"/><line number="28" hits="0"/><line number="30" hits="0"/><line number="31" hits="0"/><line number="32" hits="0"/><line number="33" hits="0"/><line number="36" hits="0"/><line number="42" hits="0"/><line number="43" hits="0"/><line number="44" hits="0"/><line number="47" hits="0"/><line number="48" hits="0"/><line number="49" hits="0"/><line number="50" hits="0"/></lines></class><class name="linear" filename="minimap2-sys/mm2-fast/ext/TAL/LISA/ext/build-rmi/RMI/rmi_lib/src/models/linear.rs" line-rate="0" branch-rate="0" complexity="0"><methods/><lines><line number="12" hits="0"/><line number="17" hits="0"/><line number="18" hits="0"/><line number="19" hits="0"/><line number="20" hits="0"/><line number="21" hits="0"/><line number="23" hits="0"/><line number="24" hits="0"/><line number="25" hits="0"/><line number="26" hits="0"/><line number="27" hits="0"/><line number="28" hits="0"/><line number="29" hits="0"/><line number="31" hits="0"/><line number="32" hits="0"/><line number="33" hits="0"/><line number="37" hits="0"/><line number="38" hits="0"/><line number="41" hits="0"/><line number="42" hits="0"/><line number="46" hits="0"/><line number="47" hits="0"/><line number="48" hits="0"/><line number="50" hits="0"/><line number="52" hits="0"/><line number="55" hits="0"/><line number="56" hits="0"/><line number="58" hits="0"/><line number="61" hits="0"/><line number="63" hits="0"/><line number="65" hits="0"/><line number="66" hits="0"/><line number="71" hits="0"/><line number="79" hits="0"/><line number="80" hits="0"/><line number="81" hits="0"/><line number="82" hits="0"/><line number="169" hits="0"/><line number="170" hits="0"/><line number="171" hits="0"/><line number="239" hits="0"/><line number="240" hits="0"/><line number="241" hits="0"/><line number="242" hits="0"/><line number="243" hits="0"/><line number="247" hits="0"/><line number="248" hits="0"/><line number="250" hits="0"/><line number="251" hits="0"/><line number="252" hits="0"/><line number="254" hits="0"/><line number="255" hits="0"/><line number="257" hits="0"/><line number="258" hits="0"/></lines></class><class name="linear_spline" filename="minimap2-sys/mm2-fast/ext/TAL/LISA/ext/build-rmi/RMI/rmi_lib/src/models/linear_spline.rs" line-rate="0" branch-rate="0" complexity="0"><methods/><lines><line number="13" hits="0"/><line number="14" hits="0"/><line number="15" hits="0"/><line number="18" hits="0"/><line number="19" hits="0"/><line number="22" hits="0"/><line number="23" hits="0"/><line number="25" hits="0"/><line number="27" hits="0"/><line number="30" hits="0"/><line number="31" hits="0"/><line number="32" hits="0"/><line number="34" hits="0"/><line number="42" hits="0"/><line number="43" hits="0"/><line number="44" hits="0"/></lines></class><class name="mod" filename="minimap2-sys/mm2-fast/ext/TAL/LISA/ext/build-rmi/RMI/rmi_lib/src/models/mod.rs" line-rate="0" branch-rate="0" complexity="0"><methods/><lines><line number="119" hits="0"/><line number="120" hits="0"/><line number="126" hits="0"/><line number="127" hits="0"/><line number="130" hits="0"/><line number="131" hits="0"/><line number="132" hits="0"/><line number="133" hits="0"/><line number="137" hits="0"/><line number="138" hits="0"/><line number="149" hits="0"/><line number="150" hits="0"/><line number="159" hits="0"/><line number="160" hits="0"/><line number="161" hits="0"/><line number="162" hits="0"/><line number="163" hits="0"/><line number="164" hits="0"/><line number="165" hits="0"/><line number="166" hits="0"/><line number="170" hits="0"/><line number="171" hits="0"/><line number="172" hits="0"/><line number="173" hits="0"/><line number="174" hits="0"/><line number="176" hits="0"/><line number="177" hits="0"/><line number="180" hits="0"/><line number="193" hits="0"/><line number="194" hits="0"/><line number="203" hits="0"/><line number="204" hits="0"/><line number="205" hits="0"/><line number="206" hits="0"/><line number="207" hits="0"/><line number="208" hits="0"/><line number="209" hits="0"/><line number="210" hits="0"/><line number="214" hits="0"/><line number="215" hits="0"/><line number="216" hits="0"/><line number="217" hits="0"/><line number="218" hits="0"/><line number="219" hits="0"/><line number="221" hits="0"/><line number="222" hits="0"/><line number="225" hits="0"/><line number="255" hits="0"/><line number="258" hits="0"/><line number="259" hits="0"/><line number="264" hits="0"/><line number="265" hits="0"/><line number="268" hits="0"/><line number="269" hits="0"/><line number="272" hits="0"/><line number="273" hits="0"/><line number="276" hits="0"/><line number="277" hits="0"/><line number="280" hits="0"/><line number="281" hits="0"/><line number="282" hits="0"/><line number="286" hits="0"/><line number="287" hits="0"/><line number="296" hits="0"/><line number="297" hits="0"/><line number="299" hits="0"/><line number="300" hits="0"/><line number="301" hits="0"/><line number="302" hits="0"/><line number="303" hits="0"/><line number="304" hits="0"/><line number="305" hits="0"/><line number="307" hits="0"/><line number="308" hits="0"/><line number="311" hits="0"/><line number="312" hits="0"/><line number="313" hits="0"/><line number="314" hits="0"/><line number="613" hits="0"/><line number="614" hits="0"/><line number="615" hits="0"/><line number="616" hits="0"/><line number="617" hits="0"/><line number="618" hits="0"/><line number="619" hits="0"/><line number="622" hits="0"/><line number="625" hits="0"/><line number="626" hits="0"/><line number="627" hits="0"/><line number="630" hits="0"/><line number="633" hits="0"/><line number="634" hits="0"/><line number="635" hits="0"/><line number="638" hits="0"/><line number="641" hits="0"/><line number="642" hits="0"/><line number="643" hits="0"/><line number="646" hits="0"/><line number="731" hits="0"/><line number="732" hits="0"/><line number="735" hits="0"/><line number="736" hits="0"/><line number="747" hits="0"/><line number="748" hits="0"/><line number="751" hits="0"/><line number="752" hits="0"/><line number="754" hits="0"/><line number="755" hits="0"/><line number="757" hits="0"/><line number="758" hits="0"/><line number="761" hits="0"/><line number="762" hits="0"/></lines></class><class name="normal" filename="minimap2-sys/mm2-fast/ext/TAL/LISA/ext/build-rmi/RMI/rmi_lib/src/models/normal.rs" line-rate="0" branch-rate="0" complexity="0"><methods/><lines><line number="28" hits="0"/><line number="29" hits="0"/><line number="30" hits="0"/><line number="31" hits="0"/><line number="33" hits="0"/><line number="35" hits="0"/><line number="36" hits="0"/><line number="37" hits="0"/><line number="38" hits="0"/><line number="41" hits="0"/><line number="42" hits="0"/><line number="43" hits="0"/><line number="46" hits="0"/><line number="47" hits="0"/><line number="49" hits="0"/><line number="52" hits="0"/><line number="53" hits="0"/><line number="54" hits="0"/><line number="55" hits="0"/><line number="57" hits="0"/><line number="58" hits="0"/><line number="59" hits="0"/><line number="60" hits="0"/><line number="61" hits="0"/><line number="62" hits="0"/><line number="65" hits="0"/><line number="66" hits="0"/><line number="67" hits="0"/><line number="68" hits="0"/><line number="72" hits="0"/><line number="73" hits="0"/><line number="75" hits="0"/><line number="83" hits="0"/><line number="84" hits="0"/><line number="155" hits="0"/><line number="156" hits="0"/><line number="157" hits="0"/></lines></class><class name="radix" filename="minimap2-sys/mm2-fast/ext/TAL/LISA/ext/build-rmi/RMI/rmi_lib/src/models/radix.rs" line-rate="0" branch-rate="0" complexity="0"><methods/><lines><line number="18" hits="0"/><line number="19" hits="0"/><line number="20" hits="0"/><line number="23" hits="0"/><line number="24" hits="0"/><line number="25" hits="0"/><line number="27" hits="0"/><line number="28" hits="0"/><line number="29" hits="0"/><line number="33" hits="0"/><line number="34" hits="0"/><line number="36" hits="0"/><line number="37" hits="0"/><line number="90" hits="0"/><line number="91" hits="0"/><line number="92" hits="0"/><line number="94" hits="0"/><line number="95" hits="0"/><line number="96" hits="0"/><line number="97" hits="0"/><line number="98" hits="0"/><line number="99" hits="0"/><line number="100" hits="0"/><line number="102" hits="0"/><line number="104" hits="0"/><line number="105" hits="0"/><line number="108" hits="0"/><line number="111" hits="0"/><line number="112" hits="0"/><line number="115" hits="0"/><line number="116" hits="0"/><line number="117" hits="0"/><line number="118" hits="0"/></lines></class><class name="utils" filename="minimap2-sys/mm2-fast/ext/TAL/LISA/ext/build-rmi/RMI/rmi_lib/src/models/utils.rs" line-rate="0" branch-rate="0" complexity="0"><methods/><lines><line number="24" hits="0"/><line number="25" hits="0"/><line number="26" hits="0"/><line number="28" hits="0"/><line number="29" hits="0"/><line number="30" hits="0"/><line number="33" hits="0"/><line number="35" hits="0"/><line number="36" hits="0"/></lines></class></classes></package><package name="minimap2-sys/target/package/minimap2-sys-0.1.10" line-rate="0" branch-rate="0" complexity="0"><classes></classes></package><package name="minimappers2/target/debug/build/thiserror-84efa32b60e45d75/out" line-rate="0" branch-rate="0" complexity="0"><classes><class name="probe" filename="minimappers2/target/debug/build/thiserror-84efa32b60e45d75/out/probe.rs" line-rate="0" branch-rate="0" complexity="0"><methods/><lines><line number="6" hits="0"/><line number="7" hits="0"/></lines></class></classes></package><package name="minimap2-sys/mm2-fast/ext/TAL/LISA/ext/build-rmi/RMI/src" line-rate="0" branch-rate="0" complexity="0"><classes></classes></package><package name="minimap2-sys/target/package/minimap2-sys-0.1.9/src" line-rate="0" branch-rate="0" complexity="0"><classes><class name="bindings" filename="minimap2-sys/target/package/minimap2-sys-0.1.9/src/bindings.rs" line-rate="0" branch-rate="0" complexity="0"><methods/><lines><line number="10" hits="0"/><line number="19" hits="0"/><line number="20" hits="0"/><line number="21" hits="0"/><line number="22" hits="0"/><line number="24" hits="0"/><line number="26" hits="0"/><line number="28" hits="0"/><line number="29" hits="0"/><line number="32" hits="0"/><line number="33" hits="0"/><line number="34" hits="0"/><line number="35" hits="0"/><line number="37" hits="0"/><line number="39" hits="0"/><line number="41" hits="0"/><line number="42" hits="0"/><line number="43" hits="0"/><line number="45" hits="0"/><line number="49" hits="0"/><line number="50" hits="0"/><line number="51" hits="0"/><line number="52" hits="0"/><line number="53" hits="0"/><line number="54" hits="0"/><line number="55" hits="0"/><line number="57" hits="0"/><line number="59" hits="0"/><line number="61" hits="0"/><line number="64" hits="0"/><line number="67" hits="0"/><line number="68" hits="0"/><line number="69" hits="0"/><line number="70" hits="0"/><line number="71" hits="0"/><line number="72" hits="0"/><line number="73" hits="0"/><line number="75" hits="0"/><line number="77" hits="0"/><line number="79" hits="0"/><line number="88" hits="0"/><line number="89" hits="0"/><line number="92" hits="0"/><line number="93" hits="0"/><line number="96" hits="0"/><line number="97" hits="0"/><line number="100" hits="0"/><line number="101" hits="0"/><line number="104" hits="0"/><line number="105" hits="0"/><line number="109" hits="0"/><line number="110" hits="0"/><line number="4970" hits="0"/><line number="4971" hits="0"/><line number="4974" hits="0"/><line number="4976" hits="0"/><line number="4977" hits="0"/><line number="4981" hits="0"/><line number="4982" hits="0"/><line number="4985" hits="0"/><line number="4987" hits="0"/><line number="4988" hits="0"/><line number="4992" hits="0"/><line number="4993" hits="0"/><line number="4994" hits="0"/><line number="4995" hits="0"/><line number="4996" hits="0"/><line number="4998" hits="0"/><line number="4999" hits="0"/><line number="5000" hits="0"/><line number="5002" hits="0"/><line number="5226" hits="0"/><line number="5227" hits="0"/><line number="5230" hits="0"/><line number="5232" hits="0"/><line number="5233" hits="0"/><line number="5237" hits="0"/><line number="5238" hits="0"/><line number="5241" hits="0"/><line number="5243" hits="0"/><line number="5244" hits="0"/><line number="5248" hits="0"/><line number="5249" hits="0"/><line number="5252" hits="0"/><line number="5254" hits="0"/><line number="5255" hits="0"/><line number="5259" hits="0"/><line number="5260" hits="0"/><line number="5263" hits="0"/><line number="5265" hits="0"/><line number="5266" hits="0"/><line number="5270" hits="0"/><line number="5271" hits="0"/><line number="5274" hits="0"/><line number="5276" hits="0"/><line number="5277" hits="0"/><line number="5281" hits="0"/><line number="5282" hits="0"/><line number="5285" hits="0"/><line number="5287" hits="0"/><line number="5288" hits="0"/><line number="5292" hits="0"/><line number="5293" hits="0"/><line number="5296" hits="0"/><line number="5298" hits="0"/><line number="5299" hits="0"/><line number="5303" hits="0"/><line number="5304" hits="0"/><line number="5307" hits="0"/><line number="5309" hits="0"/><line number="5310" hits="0"/><line number="5314" hits="0"/><line number="5315" hits="0"/><line number="5318" hits="0"/><line number="5320" hits="0"/><line number="5321" hits="0"/><line number="5325" hits="0"/><line number="5326" hits="0"/><line number="5329" hits="0"/><line number="5331" hits="0"/><line number="5332" hits="0"/><line number="5336" hits="0"/><line number="5337" hits="0"/><line number="5340" hits="0"/><line number="5342" hits="0"/><line number="5343" hits="0"/><line number="5347" hits="0"/><line number="5348" hits="0"/><line number="5351" hits="0"/><line number="5353" hits="0"/><line number="5354" hits="0"/><line number="5358" hits="0"/><line number="5359" hits="0"/><line number="5362" hits="0"/><line number="5364" hits="0"/><line number="5365" hits="0"/><line number="5384" hits="0"/><line number="5385" hits="0"/><line number="5386" hits="0"/><line number="5387" hits="0"/><line number="5389" hits="0"/><line number="5390" hits="0"/><line number="5391" hits="0"/><line number="5393" hits="0"/><line number="5394" hits="0"/><line number="5395" hits="0"/><line number="5397" hits="0"/><line number="5398" hits="0"/><line number="5399" hits="0"/><line number="5401" hits="0"/><line number="5402" hits="0"/><line number="5403" hits="0"/><line number="5405" hits="0"/><line number="5406" hits="0"/><line number="5407" hits="0"/><line number="5409" hits="0"/><line number="5410" hits="0"/><line number="5411" hits="0"/><line number="5413" hits="0"/><line number="5414" hits="0"/><line number="5415" hits="0"/><line number="5417" hits="0"/><line number="5418" hits="0"/><line number="5419" hits="0"/><line number="5421" hits="0"/><line number="5422" hits="0"/><line number="5423" hits="0"/><line number="5425" hits="0"/><line number="5426" hits="0"/><line number="5427" hits="0"/><line number="5429" hits="0"/><line number="5430" hits="0"/><line number="5431" hits="0"/><line number="5433" hits="0"/><line number="5434" hits="0"/><line number="5435" hits="0"/><line number="5437" hits="0"/><line number="8270" hits="0"/><line number="8271" hits="0"/><line number="8274" hits="0"/><line number="8276" hits="0"/><line number="8277" hits="0"/><line number="8281" hits="0"/><line number="8282" hits="0"/><line number="8285" hits="0"/><line number="8287" hits="0"/><line number="8288" hits="0"/><line number="8292" hits="0"/><line number="8293" hits="0"/><line number="8294" hits="0"/><line number="8295" hits="0"/><line number="8296" hits="0"/><line number="8298" hits="0"/><line number="8299" hits="0"/><line number="8300" hits="0"/><line number="8302" hits="0"/><line number="8567" hits="0"/><line number="8568" hits="0"/><line number="8571" hits="0"/><line number="8573" hits="0"/><line number="8574" hits="0"/><line number="8578" hits="0"/><line number="8579" hits="0"/><line number="8582" hits="0"/><line number="8584" hits="0"/><line number="8585" hits="0"/><line number="8589" hits="0"/><line number="8590" hits="0"/><line number="8593" hits="0"/><line number="8595" hits="0"/><line number="8596" hits="0"/><line number="8600" hits="0"/><line number="8601" hits="0"/><line number="8604" hits="0"/><line number="8606" hits="0"/><line number="8607" hits="0"/><line number="8617" hits="0"/><line number="8618" hits="0"/><line number="8619" hits="0"/><line number="8620" hits="0"/><line number="8622" hits="0"/><line number="8623" hits="0"/><line number="8624" hits="0"/><line number="8626" hits="0"/><line number="8627" hits="0"/><line number="8628" hits="0"/><line number="8630" hits="0"/><line number="8631" hits="0"/><line number="8632" hits="0"/><line number="8634" hits="0"/></lines></class></classes></package><package name="minimappers2/target/debug/build/num-bigint-a5fcb6a142e942a2/out" line-rate="0" branch-rate="0" complexity="0"><classes></classes></package><package name="minimappers2/target/release/build/target-lexicon-abe6572447eb4a5b/out" line-rate="0" branch-rate="0" complexity="0"><classes></classes></package><package name="minimap2-sys/target/package/minimap2-sys-0.1.9" line-rate="0" branch-rate="0" complexity="0"><classes></classes></package><package name="minimappers2/target/x86_64-unknown-linux-gnu/release/build/anyhow-7d7ffad6bc1f13b2/out" line-rate="0" branch-rate="0" complexity="0"><classes><class name="probe" filename="minimappers2/target/x86_64-unknown-linux-gnu/release/build/anyhow-7d7ffad6bc1f13b2/out/probe.rs" line-rate="0" branch-rate="0" complexity="0"><methods/><lines><line number="21" hits="0"/><line number="22" hits="0"/></lines></class></classes></package><package name="minimappers2/target/release/build/anyhow-56326719e7b1384f/out" line-rate="0" branch-rate="0" complexity="0"><classes><class name="probe" filename="minimappers2/target/release/build/anyhow-56326719e7b1384f/out/probe.rs" line-rate="0" branch-rate="0" complexity="0"><methods/><lines><line number="21" hits="0"/><line number="22" hits="0"/></lines></class></classes></package><package name="minimappers2/target/x86_64-unknown-linux-gnu/release/build/anyhow-05df39d8db69f32c/out" line-rate="0" branch-rate="0" complexity="0"><classes><class name="probe" filename="minimappers2/target/x86_64-unknown-linux-gnu/release/build/anyhow-05df39d8db69f32c/out/probe.rs" line-rate="0" branch-rate="0" complexity="0"><methods/><lines><line number="21" hits="0"/><line number="22" hits="0"/></lines></class></classes></package><package name="minimappers2/target/x86_64-unknown-linux-gnu/release/build/num-bigint-71cf9bdc8ff313c6/out" line-rate="0" branch-rate="0" complexity="0"><classes></classes></package><package name="minimappers2/target/release/build/num-bigint-4561ceaa48951caf/out" line-rate="0" branch-rate="0" complexity="0"><classes></classes></package><package name="minimappers2/target/x86_64-unknown-linux-gnu/release/build/thiserror-e5e92abf653073ab/out" line-rate="0" branch-rate="0" complexity="0"><classes><class name="probe" filename="minimappers2/target/x86_64-unknown-linux-gnu/release/build/thiserror-e5e92abf653073ab/out/probe.rs" line-rate="0" branch-rate="0" complexity="0"><methods/><lines><line number="6" hits="0"/><line number="7" hits="0"/></lines></class></classes></package><package name="minimappers2/target/release/build/num-bigint-e570e52d2bac0aac/out" line-rate="0" branch-rate="0" complexity="0"><classes></classes></package><package name="minimap2-sys/mm2-fast/ext/TAL/LISA/ext/build-rmi/RMI/rmi_lib/src" line-rate="0" branch-rate="0" complexity="0"><classes><class name="codegen" filename="minimap2-sys/mm2-fast/ext/TAL/LISA/ext/build-rmi/RMI/rmi_lib/src/codegen.rs" line-rate="0" branch-rate="0" complexity="0"><methods/><lines><line number="65" hits="0"/><line number="66" hits="0"/><line number="67" hits="0"/><line number="68" hits="0"/><line number="69" hits="0"/><line number="70" hits="0"/><line number="72" hits="0"/><line number="73" hits="0"/><line number="74" hits="0"/><line number="75" hits="0"/><line number="80" hits="0"/><line number="81" hits="0"/><line number="82" hits="0"/><line number="84" hits="0"/><line number="85" hits="0"/><line number="88" hits="0"/><line number="89" hits="0"/><line number="90" hits="0"/><line number="92" hits="0"/><line number="93" hits="0"/><line number="96" hits="0"/><line number="97" hits="0"/><line number="101" hits="0"/><line number="124" hits="0"/><line number="125" hits="0"/><line number="126" hits="0"/><line number="127" hits="0"/><line number="130" hits="0"/><line number="131" hits="0"/><line number="132" hits="0"/><line number="133" hits="0"/><line number="134" hits="0"/><line number="136" hits="0"/><line number="137" hits="0"/><line number="138" hits="0"/><line number="141" hits="0"/><line number="142" hits="0"/><line number="144" hits="0"/><line number="145" hits="0"/><line number="150" hits="0"/><line number="151" hits="0"/><line number="152" hits="0"/><line number="153" hits="0"/><line number="155" hits="0"/><line number="160" hits="0"/><line number="164" hits="0"/><line number="165" hits="0"/><line number="166" hits="0"/><line number="167" hits="0"/><line number="168" hits="0"/><line number="170" hits="0"/><line number="171" hits="0"/><line number="172" hits="0"/><line number="173" hits="0"/><line number="175" hits="0"/><line number="177" hits="0"/><line number="179" hits="0"/><line number="180" hits="0"/><line number="221" hits="0"/><line number="222" hits="0"/><line number="223" hits="0"/><line number="225" hits="0"/><line number="235" hits="0"/><line number="236" hits="0"/><line number="238" hits="0"/><line number="239" hits="0"/><line number="242" hits="0"/><line number="243" hits="0"/><line number="244" hits="0"/><line number="246" hits="0"/><line number="250" hits="0"/><line number="251" hits="0"/><line number="252" hits="0"/><line number="254" hits="0"/><line number="255" hits="0"/><line number="256" hits="0"/><line number="259" hits="0"/><line number="261" hits="0"/><line number="262" hits="0"/><line number="263" hits="0"/><line number="266" hits="0"/><line number="267" hits="0"/><line number="268" hits="0"/><line number="273" hits="0"/><line number="274" hits="0"/><line number="275" hits="0"/><line number="276" hits="0"/><line number="277" hits="0"/><line number="279" hits="0"/><line number="280" hits="0"/><line number="285" hits="0"/><line number="401" hits="0"/><line number="402" hits="0"/><line number="403" hits="0"/><line number="405" hits="0"/><line number="444" hits="0"/><line number="447" hits="0"/><line number="460" hits="0"/><line number="463" hits="0"/><line number="466" hits="0"/><line number="468" hits="0"/><line number="469" hits="0"/><line number="470" hits="0"/><line number="471" hits="0"/><line number="472" hits="0"/><line number="473" hits="0"/><line number="475" hits="0"/><line number="476" hits="0"/><line number="477" hits="0"/><line number="478" hits="0"/><line number="480" hits="0"/><line number="483" hits="0"/><line number="487" hits="0"/><line number="488" hits="0"/><line number="489" hits="0"/><line number="492" hits="0"/><line number="495" hits="0"/><line number="498" hits="0"/><line number="499" hits="0"/><line number="500" hits="0"/><line number="503" hits="0"/><line number="505" hits="0"/><line number="506" hits="0"/><line number="508" hits="0"/><line number="509" hits="0"/><line number="511" hits="0"/><line number="513" hits="0"/><line number="514" hits="0"/><line number="515" hits="0"/><line number="516" hits="0"/><line number="517" hits="0"/><line number="519" hits="0"/><line number="524" hits="0"/><line number="525" hits="0"/><line number="526" hits="0"/><line number="527" hits="0"/><line number="528" hits="0"/><line number="529" hits="0"/><line number="530" hits="0"/><line number="531" hits="0"/><line number="532" hits="0"/><line number="534" hits="0"/><line number="535" hits="0"/><line number="536" hits="0"/><line number="537" hits="0"/><line number="541" hits="0"/><line number="542" hits="0"/><line number="546" hits="0"/><line number="547" hits="0"/><line number="549" hits="0"/><line number="550" hits="0"/><line number="551" hits="0"/><line number="552" hits="0"/><line number="553" hits="0"/><line number="555" hits="0"/><line number="558" hits="0"/><line number="564" hits="0"/><line number="565" hits="0"/><line number="566" hits="0"/><line number="567" hits="0"/><line number="568" hits="0"/><line number="569" hits="0"/><line number="573" hits="0"/><line number="574" hits="0"/><line number="575" hits="0"/><line number="576" hits="0"/><line number="577" hits="0"/><line number="578" hits="0"/><line number="579" hits="0"/><line number="580" hits="0"/><line number="581" hits="0"/><line number="584" hits="0"/><line number="586" hits="0"/><line number="587" hits="0"/><line number="590" hits="0"/><line number="591" hits="0"/><line number="594" hits="0"/><line number="595" hits="0"/><line number="598" hits="0"/><line number="599" hits="0"/><line number="603" hits="0"/><line number="604" hits="0"/><line number="605" hits="0"/><line number="608" hits="0"/><line number="609" hits="0"/><line number="612" hits="0"/><line number="613" hits="0"/><line number="621" hits="0"/><line number="622" hits="0"/><line number="624" hits="0"/><line number="627" hits="0"/><line number="628" hits="0"/><line number="630" hits="0"/><line number="632" hits="0"/><line number="634" hits="0"/><line number="635" hits="0"/><line number="636" hits="0"/><line number="640" hits="0"/><line number="641" hits="0"/><line number="642" hits="0"/><line number="643" hits="0"/><line number="644" hits="0"/><line number="648" hits="0"/><line number="649" hits="0"/><line number="652" hits="0"/><line number="653" hits="0"/><line number="655" hits="0"/><line number="656" hits="0"/><line number="658" hits="0"/><line number="659" hits="0"/><line number="660" hits="0"/><line number="662" hits="0"/><line number="664" hits="0"/><line number="665" hits="0"/><line number="666" hits="0"/><line number="667" hits="0"/><line number="670" hits="0"/><line number="671" hits="0"/><line number="673" hits="0"/><line number="674" hits="0"/><line number="676" hits="0"/><line number="677" hits="0"/><line number="680" hits="0"/><line number="681" hits="0"/><line number="682" hits="0"/><line number="687" hits="0"/><line number="688" hits="0"/><line number="690" hits="0"/><line number="693" hits="0"/><line number="694" hits="0"/><line number="696" hits="0"/><line number="697" hits="0"/><line number="700" hits="0"/><line number="701" hits="0"/><line number="702" hits="0"/><line number="705" hits="0"/><line number="707" hits="0"/><line number="708" hits="0"/><line number="711" hits="0"/><line number="713" hits="0"/><line number="714" hits="0"/><line number="716" hits="0"/><line number="718" hits="0"/><line number="720" hits="0"/><line number="721" hits="0"/><line number="727" hits="0"/><line number="728" hits="0"/><line number="729" hits="0"/><line number="731" hits="0"/><line number="732" hits="0"/><line number="734" hits="0"/><line number="735" hits="0"/><line number="737" hits="0"/><line number="739" hits="0"/><line number="740" hits="0"/><line number="741" hits="0"/><line number="743" hits="0"/><line number="745" hits="0"/><line number="746" hits="0"/><line number="747" hits="0"/><line number="749" hits="0"/><line number="751" hits="0"/><line number="753" hits="0"/></lines></class><class name="optimizer" filename="minimap2-sys/mm2-fast/ext/TAL/LISA/ext/build-rmi/RMI/rmi_lib/src/optimizer.rs" line-rate="0" branch-rate="0" complexity="0"><methods/><lines><line number="222" hits="0"/><line number="224" hits="0"/><line number="225" hits="0"/><line number="226" hits="0"/><line number="227" hits="0"/><line number="228" hits="0"/><line number="229" hits="0"/><line number="230" hits="0"/><line number="236" hits="0"/><line number="237" hits="0"/><line number="239" hits="0"/><line number="240" hits="0"/><line number="242" hits="0"/><line number="243" hits="0"/><line number="244" hits="0"/><line number="245" hits="0"/><line number="248" hits="0"/></lines></class></classes></package><package name="minimap2-sys/target/package/minimap2-sys-0.1.10/src" line-rate="0" branch-rate="0" complexity="0"><classes><class name="bindings" filename="minimap2-sys/target/package/minimap2-sys-0.1.10/src/bindings.rs" line-rate="0" branch-rate="0" complexity="0"><methods/><lines><line number="10" hits="0"/><line number="19" hits="0"/><line number="20" hits="0"/><line number="21" hits="0"/><line number="22" hits="0"/><line number="24" hits="0"/><line number="26" hits="0"/><line number="28" hits="0"/><line number="29" hits="0"/><line number="32" hits="0"/><line number="33" hits="0"/><line number="34" hits="0"/><line number="35" hits="0"/><line number="37" hits="0"/><line number="39" hits="0"/><line number="41" hits="0"/><line number="42" hits="0"/><line number="43" hits="0"/><line number="45" hits="0"/><line number="49" hits="0"/><line number="50" hits="0"/><line number="51" hits="0"/><line number="52" hits="0"/><line number="53" hits="0"/><line number="54" hits="0"/><line number="55" hits="0"/><line number="57" hits="0"/><line number="59" hits="0"/><line number="61" hits="0"/><line number="64" hits="0"/><line number="67" hits="0"/><line number="68" hits="0"/><line number="69" hits="0"/><line number="70" hits="0"/><line number="71" hits="0"/><line number="72" hits="0"/><line number="73" hits="0"/><line number="75" hits="0"/><line number="77" hits="0"/><line number="79" hits="0"/><line number="88" hits="0"/><line number="89" hits="0"/><line number="92" hits="0"/><line number="93" hits="0"/><line number="96" hits="0"/><line number="97" hits="0"/><line number="100" hits="0"/><line number="101" hits="0"/><line number="104" hits="0"/><line number="105" hits="0"/><line number="109" hits="0"/><line number="110" hits="0"/><line number="4970" hits="0"/><line number="4971" hits="0"/><line number="4974" hits="0"/><line number="4976" hits="0"/><line number="4977" hits="0"/><line number="4981" hits="0"/><line number="4982" hits="0"/><line number="4985" hits="0"/><line number="4987" hits="0"/><line number="4988" hits="0"/><line number="4992" hits="0"/><line number="4993" hits="0"/><line number="4994" hits="0"/><line number="4995" hits="0"/><line number="4996" hits="0"/><line number="4998" hits="0"/><line number="4999" hits="0"/><line number="5000" hits="0"/><line number="5002" hits="0"/><line number="5226" hits="0"/><line number="5227" hits="0"/><line number="5230" hits="0"/><line number="5232" hits="0"/><line number="5233" hits="0"/><line number="5237" hits="0"/><line number="5238" hits="0"/><line number="5241" hits="0"/><line number="5243" hits="0"/><line number="5244" hits="0"/><line number="5248" hits="0"/><line number="5249" hits="0"/><line number="5252" hits="0"/><line number="5254" hits="0"/><line number="5255" hits="0"/><line number="5259" hits="0"/><line number="5260" hits="0"/><line number="5263" hits="0"/><line number="5265" hits="0"/><line number="5266" hits="0"/><line number="5270" hits="0"/><line number="5271" hits="0"/><line number="5274" hits="0"/><line number="5276" hits="0"/><line number="5277" hits="0"/><line number="5281" hits="0"/><line number="5282" hits="0"/><line number="5285" hits="0"/><line number="5287" hits="0"/><line number="5288" hits="0"/><line number="5292" hits="0"/><line number="5293" hits="0"/><line number="5296" hits="0"/><line number="5298" hits="0"/><line number="5299" hits="0"/><line number="5303" hits="0"/><line number="5304" hits="0"/><line number="5307" hits="0"/><line number="5309" hits="0"/><line number="5310" hits="0"/><line number="5314" hits="0"/><line number="5315" hits="0"/><line number="5318" hits="0"/><line number="5320" hits="0"/><line number="5321" hits="0"/><line number="5325" hits="0"/><line number="5326" hits="0"/><line number="5329" hits="0"/><line number="5331" hits="0"/><line number="5332" hits="0"/><line number="5336" hits="0"/><line number="5337" hits="0"/><line number="5340" hits="0"/><line number="5342" hits="0"/><line number="5343" hits="0"/><line number="5347" hits="0"/><line number="5348" hits="0"/><line number="5351" hits="0"/><line number="5353" hits="0"/><line number="5354" hits="0"/><line number="5358" hits="0"/><line number="5359" hits="0"/><line number="5362" hits="0"/><line number="5364" hits="0"/><line number="5365" hits="0"/><line number="5384" hits="0"/><line number="5385" hits="0"/><line number="5386" hits="0"/><line number="5387" hits="0"/><line number="5389" hits="0"/><line number="5390" hits="0"/><line number="5391" hits="0"/><line number="5393" hits="0"/><line number="5394" hits="0"/><line number="5395" hits="0"/><line number="5397" hits="0"/><line number="5398" hits="0"/><line number="5399" hits="0"/><line number="5401" hits="0"/><line number="5402" hits="0"/><line number="5403" hits="0"/><line number="5405" hits="0"/><line number="5406" hits="0"/><line number="5407" hits="0"/><line number="5409" hits="0"/><line number="5410" hits="0"/><line number="5411" hits="0"/><line number="5413" hits="0"/><line number="5414" hits="0"/><line number="5415" hits="0"/><line number="5417" hits="0"/><line number="5418" hits="0"/><line number="5419" hits="0"/><line number="5421" hits="0"/><line number="5422" hits="0"/><line number="5423" hits="0"/><line number="5425" hits="0"/><line number="5426" hits="0"/><line number="5427" hits="0"/><line number="5429" hits="0"/><line number="5430" hits="0"/><line number="5431" hits="0"/><line number="5433" hits="0"/><line number="5434" hits="0"/><line number="5435" hits="0"/><line number="5437" hits="0"/><line number="8270" hits="0"/><line number="8271" hits="0"/><line number="8274" hits="0"/><line number="8276" hits="0"/><line number="8277" hits="0"/><line number="8281" hits="0"/><line number="8282" hits="0"/><line number="8285" hits="0"/><line number="8287" hits="0"/><line number="8288" hits="0"/><line number="8292" hits="0"/><line number="8293" hits="0"/><line number="8294" hits="0"/><line number="8295" hits="0"/><line number="8296" hits="0"/><line number="8298" hits="0"/><line number="8299" hits="0"/><line number="8300" hits="0"/><line number="8302" hits="0"/><line number="8567" hits="0"/><line number="8568" hits="0"/><line number="8571" hits="0"/><line number="8573" hits="0"/><line number="8574" hits="0"/><line number="8578" hits="0"/><line number="8579" hits="0"/><line number="8582" hits="0"/><line number="8584" hits="0"/><line number="8585" hits="0"/><line number="8589" hits="0"/><line number="8590" hits="0"/><line number="8593" hits="0"/><line number="8595" hits="0"/><line number="8596" hits="0"/><line number="8600" hits="0"/><line number="8601" hits="0"/><line number="8604" hits="0"/><line number="8606" hits="0"/><line number="8607" hits="0"/><line number="8617" hits="0"/><line number="8618" hits="0"/><line number="8619" hits="0"/><line number="8620" hits="0"/><line number="8622" hits="0"/><line number="8623" hits="0"/><line number="8624" hits="0"/><line number="8626" hits="0"/><line number="8627" hits="0"/><line number="8628" hits="0"/><line number="8630" hits="0"/><line number="8631" hits="0"/><line number="8632" hits="0"/><line number="8634" hits="0"/></lines></class></classes></package><package name="fakeminimap2/target/debug/build/minimap2-sys-3a88457029ed6b17/out" line-rate="0" branch-rate="0" complexity="0"><classes><class name="bindings" filename="fakeminimap2/target/debug/build/minimap2-sys-3a88457029ed6b17/out/bindings.rs" line-rate="0" branch-rate="0" complexity="0"><methods/><lines><line number="10" hits="0"/><line number="19" hits="0"/><line number="20" hits="0"/><line number="21" hits="0"/><line number="22" hits="0"/><line number="24" hits="0"/><line number="26" hits="0"/><line number="28" hits="0"/><line number="29" hits="0"/><line number="32" hits="0"/><line number="33" hits="0"/><line number="34" hits="0"/><line number="35" hits="0"/><line number="37" hits="0"/><line number="39" hits="0"/><line number="41" hits="0"/><line number="42" hits="0"/><line number="43" hits="0"/><line number="45" hits="0"/><line number="49" hits="0"/><line number="50" hits="0"/><line number="51" hits="0"/><line number="52" hits="0"/><line number="53" hits="0"/><line number="54" hits="0"/><line number="55" hits="0"/><line number="57" hits="0"/><line number="59" hits="0"/><line number="61" hits="0"/><line number="64" hits="0"/><line number="67" hits="0"/><line number="68" hits="0"/><line number="69" hits="0"/><line number="70" hits="0"/><line number="71" hits="0"/><line number="72" hits="0"/><line number="73" hits="0"/><line number="75" hits="0"/><line number="77" hits="0"/><line number="79" hits="0"/><line number="88" hits="0"/><line number="89" hits="0"/><line number="92" hits="0"/><line number="93" hits="0"/><line number="96" hits="0"/><line number="97" hits="0"/><line number="100" hits="0"/><line number="101" hits="0"/><line number="104" hits="0"/><line number="105" hits="0"/><line number="109" hits="0"/><line number="110" hits="0"/><line number="5040" hits="0"/><line number="5041" hits="0"/><line number="5044" hits="0"/><line number="5046" hits="0"/><line number="5047" hits="0"/><line number="5051" hits="0"/><line number="5052" hits="0"/><line number="5055" hits="0"/><line number="5057" hits="0"/><line number="5058" hits="0"/><line number="5062" hits="0"/><line number="5063" hits="0"/><line number="5064" hits="0"/><line number="5065" hits="0"/><line number="5066" hits="0"/><line number="5068" hits="0"/><line number="5069" hits="0"/><line number="5070" hits="0"/><line number="5072" hits="0"/><line number="5296" hits="0"/><line number="5297" hits="0"/><line number="5300" hits="0"/><line number="5302" hits="0"/><line number="5303" hits="0"/><line number="5307" hits="0"/><line number="5308" hits="0"/><line number="5311" hits="0"/><line number="5313" hits="0"/><line number="5314" hits="0"/><line number="5318" hits="0"/><line number="5319" hits="0"/><line number="5322" hits="0"/><line number="5324" hits="0"/><line number="5325" hits="0"/><line number="5329" hits="0"/><line number="5330" hits="0"/><line number="5333" hits="0"/><line number="5335" hits="0"/><line number="5336" hits="0"/><line number="5340" hits="0"/><line number="5341" hits="0"/><line number="5344" hits="0"/><line number="5346" hits="0"/><line number="5347" hits="0"/><line number="5351" hits="0"/><line number="5352" hits="0"/><line number="5355" hits="0"/><line number="5357" hits="0"/><line number="5358" hits="0"/><line number="5362" hits="0"/><line number="5363" hits="0"/><line number="5366" hits="0"/><line number="5368" hits="0"/><line number="5369" hits="0"/><line number="5373" hits="0"/><line number="5374" hits="0"/><line number="5377" hits="0"/><line number="5379" hits="0"/><line number="5380" hits="0"/><line number="5384" hits="0"/><line number="5385" hits="0"/><line number="5388" hits="0"/><line number="5390" hits="0"/><line number="5391" hits="0"/><line number="5395" hits="0"/><line number="5396" hits="0"/><line number="5399" hits="0"/><line number="5401" hits="0"/><line number="5402" hits="0"/><line number="5406" hits="0"/><line number="5407" hits="0"/><line number="5410" hits="0"/><line number="5412" hits="0"/><line number="5413" hits="0"/><line number="5417" hits="0"/><line number="5418" hits="0"/><line number="5421" hits="0"/><line number="5423" hits="0"/><line number="5424" hits="0"/><line number="5428" hits="0"/><line number="5429" hits="0"/><line number="5432" hits="0"/><line number="5434" hits="0"/><line number="5435" hits="0"/><line number="5454" hits="0"/><line number="5455" hits="0"/><line number="5456" hits="0"/><line number="5457" hits="0"/><line number="5459" hits="0"/><line number="5460" hits="0"/><line number="5461" hits="0"/><line number="5463" hits="0"/><line number="5464" hits="0"/><line number="5465" hits="0"/><line number="5467" hits="0"/><line number="5468" hits="0"/><line number="5469" hits="0"/><line number="5471" hits="0"/><line number="5472" hits="0"/><line number="5473" hits="0"/><line number="5475" hits="0"/><line number="5476" hits="0"/><line number="5477" hits="0"/><line number="5479" hits="0"/><line number="5480" hits="0"/><line number="5481" hits="0"/><line number="5483" hits="0"/><line number="5484" hits="0"/><line number="5485" hits="0"/><line number="5487" hits="0"/><line number="5488" hits="0"/><line number="5489" hits="0"/><line number="5491" hits="0"/><line number="5492" hits="0"/><line number="5493" hits="0"/><line number="5495" hits="0"/><line number="5496" hits="0"/><line number="5497" hits="0"/><line number="5499" hits="0"/><line number="5500" hits="0"/><line number="5501" hits="0"/><line number="5503" hits="0"/><line number="5504" hits="0"/><line number="5505" hits="0"/><line number="5507" hits="0"/><line number="8436" hits="0"/><line number="8437" hits="0"/><line number="8440" hits="0"/><line number="8442" hits="0"/><line number="8443" hits="0"/><line number="8447" hits="0"/><line number="8448" hits="0"/><line number="8451" hits="0"/><line number="8453" hits="0"/><line number="8454" hits="0"/><line number="8458" hits="0"/><line number="8459" hits="0"/><line number="8460" hits="0"/><line number="8461" hits="0"/><line number="8462" hits="0"/><line number="8464" hits="0"/><line number="8465" hits="0"/><line number="8466" hits="0"/><line number="8468" hits="0"/><line number="8754" hits="0"/><line number="8755" hits="0"/><line number="8758" hits="0"/><line number="8760" hits="0"/><line number="8761" hits="0"/><line number="8765" hits="0"/><line number="8766" hits="0"/><line number="8769" hits="0"/><line number="8771" hits="0"/><line number="8772" hits="0"/><line number="8776" hits="0"/><line number="8777" hits="0"/><line number="8780" hits="0"/><line number="8782" hits="0"/><line number="8783" hits="0"/><line number="8787" hits="0"/><line number="8788" hits="0"/><line number="8791" hits="0"/><line number="8793" hits="0"/><line number="8794" hits="0"/><line number="8804" hits="0"/><line number="8805" hits="0"/><line number="8806" hits="0"/><line number="8807" hits="0"/><line number="8809" hits="0"/><line number="8810" hits="0"/><line number="8811" hits="0"/><line number="8813" hits="0"/><line number="8814" hits="0"/><line number="8815" hits="0"/><line number="8817" hits="0"/><line number="8818" hits="0"/><line number="8819" hits="0"/><line number="8821" hits="0"/></lines></class></classes></package><package name="minimappers2/src" line-rate="0" branch-rate="0" complexity="0"><classes></classes></package><package name="minimappers2/target/x86_64-unknown-linux-gnu/release/build/thiserror-58cfc511156aa686/out" line-rate="0" branch-rate="0" complexity="0"><classes><class name="probe" filename="minimappers2/target/x86_64-unknown-linux-gnu/release/build/thiserror-58cfc511156aa686/out/probe.rs" line-rate="0" branch-rate="0" complexity="0"><methods/><lines><line number="6" hits="0"/><line number="7" hits="0"/></lines></class></classes></package><package name="minimappers2/target/release/build/thiserror-cce70db7d78f32ad/out" line-rate="0" branch-rate="0" complexity="0"><classes><class name="probe" filename="minimappers2/target/release/build/thiserror-cce70db7d78f32ad/out/probe.rs" line-rate="0" branch-rate="0" complexity="0"><methods/><lines><line number="6" hits="0"/><line number="7" hits="0"/></lines></class></classes></package><package name="minimap2-sys" line-rate="0" branch-rate="0" complexity="0"><classes></classes></package><package name="minimappers2/target/release/build/thiserror-9f2a81d2be0b634c/out" line-rate="0" branch-rate="0" complexity="0"><classes><class name="probe" filename="minimappers2/target/release/build/thiserror-9f2a81d2be0b634c/out/probe.rs" line-rate="0" branch-rate="0" complexity="0"><methods/><lines><line number="6" hits="0"/><line number="7" hits="0"/></lines></class></classes></package><package name="fakeminimap2/target/debug/build/clang-sys-e84cbc48a7139fd7/out" line-rate="0" branch-rate="0" complexity="0"><classes></classes></package><package name="src" line-rate="0.6252873563218391" branch-rate="0" complexity="0"><classes><class name="htslib" filename="src/htslib.rs" line-rate="0.6423357664233577" branch-rate="0" complexity="0"><methods/><lines><line number="61" hits="11"/><line number="62" hits="11"/><line number="63" hits="11"/><line number="65" hits="22"/><line number="66" hits="11"/><line number="67" hits="9"/><line number="68" hits="9"/><line number="70" hits="9"/><line number="73" hits="18"/><line number="75" hits="2"/><line number="77" hits="2"/><line number="80" hits="2"/><line number="82" hits="2"/><line number="90" hits="2"/><line number="91" hits="2"/><line number="93" hits="4"/><line number="94" hits="2"/><line number="95" hits="2"/><line number="96" hits="1"/><line number="98" hits="2"/><line number="99" hits="2"/><line number="102" hits="1"/><line number="103" hits="1"/><line number="104" hits="1"/><line number="105" hits="2"/><line number="106" hits="2"/><line number="107" hits="2"/><line number="108" hits="2"/><line number="114" hits="1"/><line number="115" hits="1"/><line number="116" hits="1"/><line number="117" hits="1"/><line number="118" hits="3"/><line number="120" hits="1"/><line number="125" hits="1"/><line number="135" hits="20"/><line number="136" hits="0"/><line number="139" hits="11"/><line number="141" hits="2"/><line number="142" hits="11"/><line number="151" hits="11"/><line number="152" hits="0"/><line number="156" hits="11"/><line number="157" hits="0"/><line number="158" hits="0"/><line number="162" hits="22"/><line number="165" hits="11"/><line number="166" hits="11"/><line number="167" hits="11"/><line number="168" hits="22"/><line number="169" hits="11"/><line number="170" hits="11"/><line number="171" hits="22"/><line number="172" hits="11"/><line number="173" hits="22"/><line number="179" hits="11"/><line number="180" hits="2"/><line number="183" hits="9"/><line number="185" hits="27"/><line number="187" hits="9"/><line number="188" hits="18"/><line number="190" hits="9"/><line number="192" hits="9"/><line number="194" hits="9"/><line number="195" hits="9"/><line number="197" hits="9"/><line number="198" hits="9"/><line number="213" hits="9"/><line number="215" hits="9"/><line number="216" hits="9"/><line number="218" hits="9"/><line number="220" hits="2"/><line number="224" hits="0"/><line number="231" hits="0"/><line number="232" hits="0"/><line number="235" hits="0"/><line number="236" hits="0"/><line number="238" hits="0"/><line number="239" hits="0"/><line number="243" hits="0"/><line number="244" hits="0"/><line number="245" hits="0"/><line number="246" hits="0"/><line number="248" hits="0"/><line number="249" hits="0"/><line number="250" hits="0"/><line number="251" hits="0"/><line number="252" hits="0"/><line number="253" hits="0"/><line number="254" hits="0"/><line number="257" hits="0"/><line number="258" hits="0"/><line number="259" hits="0"/><line number="261" hits="0"/><line number="262" hits="0"/><line number="265" hits="0"/><line number="266" hits="0"/><line number="267" hits="0"/><line number="268" hits="0"/><line number="269" hits="0"/><line number="270" hits="0"/><line number="271" hits="0"/><line number="275" hits="0"/><line number="278" hits="0"/><line number="279" hits="0"/><line number="282" hits="0"/><line number="283" hits="0"/><line number="284" hits="0"/><line number="285" hits="0"/><line number="286" hits="0"/><line number="287" hits="0"/><line number="288" hits="0"/><line number="289" hits="0"/><line number="290" hits="0"/><line number="291" hits="0"/><line number="292" hits="0"/><line number="295" hits="0"/><line number="311" hits="2"/><line number="312" hits="12"/><line number="315" hits="1"/><line number="316" hits="1"/><line number="317" hits="36"/><line number="318" hits="24"/><line number="319" hits="12"/><line number="320" hits="12"/><line number="321" hits="12"/><line number="322" hits="12"/><line number="323" hits="12"/><line number="324" hits="12"/><line number="330" hits="10"/><line number="331" hits="10"/><line number="332" hits="21"/><line number="333" hits="11"/><line number="334" hits="33"/><line number="336" hits="11"/><line number="344" hits="1"/><line number="346" hits="11"/></lines></class><class name="lib" filename="src/lib.rs" line-rate="0.6174496644295302" branch-rate="0" complexity="0"><methods/><lines><line number="30" hits="1"/><line number="33" hits="16"/><line number="36" hits="1"/><line number="52" hits="0"/><line number="53" hits="0"/><line number="58" hits="1"/><line number="59" hits="1"/><line number="60" hits="0"/><line number="61" hits="1"/><line number="86" hits="9"/><line number="87" hits="9"/><line number="88" hits="21"/><line number="89" hits="0"/><line number="90" hits="0"/><line number="91" hits="0"/><line number="92" hits="0"/><line number="93" hits="0"/><line number="94" hits="0"/><line number="95" hits="0"/><line number="96" hits="0"/><line number="97" hits="0"/><line number="98" hits="0"/><line number="99" hits="6"/><line number="100" hits="0"/><line number="167" hits="0"/><line number="168" hits="0"/><line number="169" hits="1"/><line number="178" hits="2"/><line number="179" hits="1"/><line number="186" hits="2"/><line number="187" hits="2"/><line number="191" hits="0"/><line number="192" hits="0"/><line number="193" hits="0"/><line number="223" hits="0"/><line number="224" hits="1"/><line number="226" hits="18"/><line number="227" hits="18"/><line number="237" hits="16"/><line number="239" hits="5"/><line number="249" hits="0"/><line number="259" hits="0"/><line number="260" hits="0"/><line number="269" hits="1"/><line number="270" hits="0"/><line number="279" hits="0"/><line number="280" hits="0"/><line number="289" hits="0"/><line number="290" hits="0"/><line number="299" hits="0"/><line number="300" hits="0"/><line number="309" hits="0"/><line number="310" hits="0"/><line number="319" hits="0"/><line number="320" hits="0"/><line number="329" hits="0"/><line number="330" hits="0"/><line number="338" hits="0"/><line number="339" hits="0"/><line number="347" hits="0"/><line number="348" hits="0"/><line number="357" hits="0"/><line number="358" hits="0"/><line number="367" hits="0"/><line number="368" hits="0"/><line number="377" hits="2"/><line number="378" hits="2"/><line number="387" hits="0"/><line number="388" hits="0"/><line number="392" hits="7"/><line number="393" hits="7"/><line number="394" hits="9"/><line number="398" hits="9"/><line number="414" hits="1"/><line number="416" hits="12"/><line number="418" hits="1"/><line number="419" hits="1"/><line number="429" hits="1"/><line number="430" hits="7"/><line number="431" hits="2"/><line number="454" hits="8"/><line number="457" hits="2"/><line number="458" hits="14"/><line number="459" hits="1"/><line number="463" hits="7"/><line number="467" hits="10"/><line number="468" hits="1"/><line number="472" hits="9"/><line number="473" hits="0"/><line number="476" hits="2"/><line number="477" hits="8"/><line number="478" hits="0"/><line number="481" hits="2"/><line number="482" hits="2"/><line number="483" hits="2"/><line number="484" hits="0"/><line number="486" hits="10"/><line number="489" hits="8"/><line number="490" hits="10"/><line number="493" hits="2"/><line number="495" hits="13"/><line number="498" hits="0"/><line number="499" hits="16"/><line number="501" hits="0"/><line number="502" hits="3"/><line number="505" hits="1"/><line number="507" hits="14"/><line number="509" hits="15"/><line number="512" hits="15"/><line number="514" hits="1"/><line number="519" hits="0"/><line number="520" hits="0"/><line number="521" hits="0"/><line number="522" hits="0"/><line number="527" hits="0"/><line number="535" hits="0"/><line number="544" hits="0"/><line number="555" hits="1"/><line number="564" hits="2"/><line number="565" hits="0"/><line number="569" hits="2"/><line number="570" hits="0"/><line number="573" hits="1"/><line number="576" hits="2"/><line number="577" hits="1"/><line number="580" hits="2"/><line number="581" hits="0"/><line number="585" hits="1"/><line number="586" hits="0"/><line number="587" hits="0"/><line number="591" hits="4"/><line number="592" hits="1"/><line number="594" hits="2"/><line number="595" hits="1"/><line number="596" hits="2"/><line number="597" hits="1"/><line number="598" hits="5"/><line number="599" hits="4"/><line number="600" hits="3"/><line number="601" hits="2"/><line number="606" hits="1"/><line number="608" hits="6"/><line number="610" hits="3"/><line number="612" hits="1"/><line number="613" hits="2"/><line number="617" hits="3"/><line number="619" hits="1"/><line number="620" hits="3"/><line number="621" hits="1"/><line number="624" hits="2"/><line number="625" hits="1"/><line number="626" hits="1"/><line number="627" hits="4"/><line number="628" hits="4"/><line number="629" hits="2"/><line number="630" hits="2"/><line number="633" hits="4"/><line number="634" hits="1"/><line number="635" hits="3"/><line number="637" hits="3"/><line number="638" hits="1"/><line number="639" hits="2"/><line number="640" hits="1"/><line number="641" hits="1"/><line number="642" hits="0"/><line number="643" hits="0"/><line number="644" hits="1"/><line number="645" hits="0"/><line number="646" hits="0"/><line number="647" hits="0"/><line number="648" hits="0"/><line number="650" hits="1"/><line number="653" hits="2"/><line number="654" hits="1"/><line number="656" hits="0"/><line number="659" hits="4"/><line number="660" hits="2"/><line number="661" hits="1"/><line number="663" hits="3"/><line number="664" hits="2"/><line number="668" hits="1"/><line number="669" hits="1"/><line number="670" hits="2"/><line number="671" hits="1"/><line number="673" hits="1"/><line number="674" hits="1"/><line number="676" hits="1"/><line number="677" hits="2"/><line number="679" hits="1"/><line number="682" hits="3"/><line number="683" hits="1"/><line number="686" hits="2"/><line number="687" hits="1"/><line number="688" hits="1"/><line number="689" hits="1"/><line number="691" hits="1"/><line number="694" hits="0"/><line number="695" hits="1"/><line number="697" hits="1"/><line number="699" hits="1"/><line number="701" hits="1"/><line number="704" hits="1"/><line number="706" hits="1"/><line number="707" hits="2"/><line number="708" hits="1"/><line number="709" hits="2"/><line number="712" hits="1"/><line number="714" hits="2"/><line number="715" hits="2"/><line number="716" hits="3"/><line number="718" hits="0"/><line number="721" hits="4"/><line number="722" hits="2"/><line number="723" hits="1"/><line number="724" hits="2"/><line number="725" hits="3"/><line number="726" hits="1"/><line number="727" hits="2"/><line number="728" hits="2"/><line number="729" hits="2"/><line number="731" hits="1"/><line number="733" hits="2"/><line number="734" hits="1"/><line number="735" hits="2"/><line number="737" hits="2"/><line number="744" hits="2"/><line number="755" hits="0"/><line number="756" hits="1"/><line number="757" hits="0"/><line number="758" hits="1"/><line number="762" hits="0"/><line number="763" hits="0"/><line number="767" hits="1"/><line number="768" hits="1"/><line number="769" hits="0"/><line number="773" hits="1"/><line number="774" hits="1"/><line number="775" hits="0"/><line number="777" hits="0"/><line number="779" hits="1"/><line number="780" hits="1"/><line number="781" hits="0"/><line number="782" hits="0"/><line number="786" hits="0"/><line number="787" hits="0"/><line number="789" hits="0"/><line number="792" hits="1"/><line number="793" hits="0"/><line number="794" hits="0"/><line number="795" hits="0"/><line number="796" hits="1"/><line number="797" hits="2"/><line number="801" hits="3"/><line number="802" hits="0"/><line number="804" hits="1"/><line number="807" hits="0"/><line number="808" hits="0"/><line number="810" hits="0"/><line number="812" hits="1"/><line number="814" hits="1"/><line number="817" hits="0"/><line number="818" hits="0"/><line number="821" hits="0"/><line number="822" hits="0"/><line number="823" hits="0"/><line number="824" hits="0"/><line number="826" hits="0"/><line number="827" hits="0"/><line number="830" hits="0"/><line number="833" hits="0"/><line number="837" hits="1"/><line number="838" hits="1"/><line number="845" hits="0"/><line number="851" hits="1"/><line number="852" hits="1"/><line number="854" hits="0"/><line number="866" hits="0"/><line number="868" hits="0"/><line number="869" hits="0"/><line number="870" hits="0"/><line number="871" hits="0"/><line number="872" hits="0"/><line number="873" hits="0"/><line number="875" hits="0"/><line number="892" hits="0"/><line number="893" hits="1"/><line number="894" hits="10"/><line number="895" hits="2"/><line number="896" hits="1"/><line number="897" hits="1"/><line number="898" hits="2"/><line number="899" hits="0"/><line number="900" hits="0"/><line number="901" hits="2"/><line number="902" hits="2"/><line number="903" hits="1"/><line number="904" hits="2"/><line number="905" hits="1"/></lines></class></classes></package><package name="minimappers2/target/release/build/anyhow-4e28f663e0d2590b/out" line-rate="0" branch-rate="0" complexity="0"><classes><class name="probe" filename="minimappers2/target/release/build/anyhow-4e28f663e0d2590b/out/probe.rs" line-rate="0" branch-rate="0" complexity="0"><methods/><lines><line number="21" hits="0"/><line number="22" hits="0"/></lines></class></classes></package><package name="minimappers2/target/debug/build/anyhow-e5eb41ef1fc04ddb/out" line-rate="0" branch-rate="0" complexity="0"><classes><class name="probe" filename="minimappers2/target/debug/build/anyhow-e5eb41ef1fc04ddb/out/probe.rs" line-rate="0" branch-rate="0" complexity="0"><methods/><lines><line number="21" hits="0"/><line number="22" hits="0"/></lines></class></classes></package></packages></coverage>